<?xml version="1.0" encoding="UTF-8"?>
<testsuites name="jest tests" tests="4" failures="0" errors="0" time="0.686">
  <testsuite name="src/App.test.js" errors="0" failures="0" skipped="0" timestamp="2022-12-08T18:59:05" time="0.338" tests="4">
    <testcase classname="test one" name="renders learn react link" time="0.017">
    </testcase>
    <testcase classname="test one" name="renders learn react link" time="0.003">
    </testcase>
    <testcase classname="test one › test nested" name="renders learn react link" time="0.002">
    </testcase>
    <testcase classname="test one › test nested" name="renders learn react link" time="0.002">
    </testcase>
  </testsuite>
</testsuites>